<?xml version="1.0" encoding="UTF-8"?>
<!-- Generated by org.testng.reporters.JUnitReportReporter -->
<testsuite hostname="A8TOMMD19845" name="com.google.tests.TestNGFile2" tests="1" failures="0" timestamp="10 Aug 2017 06:53:09 GMT" time="8.715" errors="0">
  <testcase name="CheckWrongPageIsNotDisplayed" time="8.715" classname="com.google.tests.TestNGFile2"/>
</testsuite> <!-- com.google.tests.TestNGFile2 -->
